<?xml version="1.0" encoding="UTF-8"?>
<!-- Generated by org.testng.reporters.JUnitXMLReporter -->
<testsuite hostname="DESKTOP-KO5V4JS" failures="0" tests="9" name="Default test" time="45.163" errors="0" timestamp="18 Feb 2021 19:13:18 GMT">
  <testcase classname="test.product.tests.StudentTest" name="addNewStudent" time="3.588"/>
  <testcase classname="test.product.tests.StudentTest" name="deleteStudent" time="3.788"/>
  <testcase classname="test.product.tests.StudentTest" name="updateStudentName" time="5.032"/>
  <testcase classname="test.product.tests.CourseTest" name="addNewCourse" time="2.851"/>
  <testcase classname="test.product.tests.CourseTest" name="deleteCourse" time="2.249"/>
  <testcase classname="test.product.tests.CourseTest" name="updateCourse" time="1.581"/>
  <testcase classname="test.product.tests.StudentCourseTest" name="addCourseToStudent" time="5.677"/>
  <testcase classname="test.product.tests.StudentCourseTest" name="deleteStudentCourse" time="6.316"/>
  <testcase classname="test.product.tests.StudentCourseTest" name="editStudentCourse" time="4.526"/>
</testsuite> <!-- Default test -->
