<?xml version="1.0" encoding="UTF-8"?>
<testng-results total="2" passed="2" failed="0" skipped="0">
  <reporter-output>
    <line>
      <![CDATA[-------------- set up ---------]]>
    </line>
    <line>
      <![CDATA[-------------- closing driver ---------]]>
    </line>
  </reporter-output>
  <suite started-at="2021-02-18T14:40:18Z" name="Default suite" finished-at="2021-02-18T14:40:31Z" duration-ms="13415">
    <groups>
    </groups>
    <test started-at="2021-02-18T14:40:18Z" name="Default test" finished-at="2021-02-18T14:40:31Z" duration-ms="13415">
      <class name="test.product.tests.StudentTest">
        <test-method is-config="true" signature="setUp()[pri:0, instance:test.product.tests.StudentTest@4a3631f8]" started-at="2021-02-18T15:40:18Z" name="setUp" finished-at="2021-02-18T15:40:26Z" duration-ms="8317" status="PASS">
          <reporter-output>
            <line>
              <![CDATA[-------------- set up ---------]]>
            </line>
          </reporter-output>
        </test-method> <!-- setUp -->
        <test-method signature="addNewStudent()[pri:0, instance:test.product.tests.StudentTest@4a3631f8]" started-at="2021-02-18T15:40:26Z" name="addNewStudent" description="This test will add successfully new student." finished-at="2021-02-18T15:40:29Z" duration-ms="3123" status="PASS">
          <reporter-output>
          </reporter-output>
        </test-method> <!-- addNewStudent -->
        <test-method signature="updateStudentName()[pri:0, instance:test.product.tests.StudentTest@4a3631f8]" started-at="2021-02-18T15:40:29Z" name="updateStudentName" description="This test will update student name." finished-at="2021-02-18T15:40:31Z" duration-ms="1934" status="PASS">
          <reporter-output>
          </reporter-output>
        </test-method> <!-- updateStudentName -->
        <test-method is-config="true" signature="closeApp()[pri:0, instance:test.product.tests.StudentTest@4a3631f8]" started-at="2021-02-18T15:40:31Z" name="closeApp" finished-at="2021-02-18T15:40:31Z" duration-ms="2" status="PASS">
          <reporter-output>
            <line>
              <![CDATA[-------------- closing driver ---------]]>
            </line>
          </reporter-output>
        </test-method> <!-- closeApp -->
      </class> <!-- test.product.tests.StudentTest -->
    </test> <!-- Default test -->
  </suite> <!-- Default suite -->
</testng-results>
